2021-10-13 16:31:29,375 - mylog - INFO - 抢购脚本开始运行...
2021-10-13 16:31:55,966 - mylog - INFO - 读取配置文件成功，抢购信息： [页面url] https://www.vmall.com/product/10086368169358.html ; [颜色] 秘银色 ; [版本] 5G全网通 8GB+128GB ; [套餐] 官方标配 
2021-10-13 16:32:12,275 - mylog - INFO - 访问主页面 vmall.com
2021-10-13 16:32:19,813 - mylog - INFO - 开始登录
2021-10-13 16:33:02,449 - mylog - INFO - 进入产品页面: https://www.vmall.com/product/10086368169358.html
2021-10-13 16:33:07,353 - mylog - INFO - 选择产品颜色: 秘银色
2021-10-13 16:33:15,444 - mylog - INFO - 选择版本: 5G全网通 8GB+128GB
2021-10-13 16:33:17,930 - mylog - INFO - 选择套餐： 官方标配
2021-10-13 16:41:50,933 - mylog - INFO - 抢购脚本开始运行...
2021-10-13 16:41:50,937 - mylog - INFO - 读取配置文件成功，抢购信息： [页面url] https://www.vmall.com/product/10086300679105.html ; [颜色] 亮黑色 ; [版本] 4G全网通 8GB+128GB ; [套餐] 官方标配 
2021-10-13 16:41:53,082 - mylog - INFO - 访问主页面 vmall.com
2021-10-13 16:41:53,082 - mylog - INFO - 开始登录
2021-10-13 16:44:35,084 - mylog - INFO - 抢购脚本开始运行...
2021-10-13 16:44:35,084 - mylog - INFO - 读取配置文件成功，抢购信息： [页面url] https://www.vmall.com/product/10086300679105.html ; [颜色] 亮黑色 ; [版本] 4G全网通 8GB+128GB ; [套餐] 官方标配 
2021-10-13 16:44:36,917 - mylog - INFO - 访问主页面 vmall.com
2021-10-13 16:44:36,918 - mylog - INFO - 开始登录
2021-10-13 16:44:41,356 - mylog - INFO - 进入产品页面: https://www.vmall.com/product/10086300679105.html
2021-10-13 16:44:42,873 - mylog - INFO - 选择产品颜色: 亮黑色
2021-10-13 16:44:43,287 - mylog - INFO - 选择版本: 4G全网通 8GB+128GB
2021-10-13 16:44:43,659 - mylog - INFO - 选择套餐： 官方标配
2021-10-13 16:44:44,055 - mylog - INFO - 立即下单
2021-10-13 16:44:44,345 - mylog - INFO - 提交订单
2021-10-13 16:45:10,817 - mylog - INFO - 抢购脚本开始运行...
2021-10-13 16:45:10,817 - mylog - INFO - 读取配置文件成功，抢购信息： [页面url] https://www.vmall.com/product/10086300679105.html ; [颜色] 亮黑色 ; [版本] 4G全网通 8GB+128GB ; [套餐] 官方标配 
2021-10-13 16:45:12,528 - mylog - INFO - 访问主页面 vmall.com
2021-10-13 16:45:12,528 - mylog - INFO - 开始登录
2021-10-13 16:45:17,070 - mylog - INFO - 进入产品页面: https://www.vmall.com/product/10086300679105.html
2021-10-13 16:45:19,824 - mylog - INFO - 选择产品颜色: 亮黑色
2021-10-13 16:45:20,234 - mylog - INFO - 选择版本: 4G全网通 8GB+128GB
2021-10-13 16:45:20,605 - mylog - INFO - 选择套餐： 官方标配
2021-10-13 16:45:20,993 - mylog - INFO - 立即下单
2021-10-13 16:45:21,287 - mylog - INFO - 提交订单
2021-10-13 16:46:21,043 - mylog - INFO - 抢购脚本开始运行...
2021-10-13 16:46:21,043 - mylog - INFO - 读取配置文件成功，抢购信息： [页面url] https://www.vmall.com/product/10086300679105.html ; [颜色] 亮黑色 ; [版本] 4G全网通 8GB+128GB ; [套餐] 官方标配 
2021-10-13 16:46:23,167 - mylog - INFO - 访问主页面 vmall.com
2021-10-13 16:46:23,167 - mylog - INFO - 开始登录
2021-10-13 16:46:27,804 - mylog - INFO - 进入产品页面: https://www.vmall.com/product/10086300679105.html
2021-10-13 16:46:29,281 - mylog - INFO - 选择产品颜色: 亮黑色
2021-10-13 16:46:29,710 - mylog - INFO - 选择版本: 4G全网通 8GB+128GB
2021-10-13 16:46:30,076 - mylog - INFO - 选择套餐： 官方标配
2021-10-13 16:46:30,463 - mylog - INFO - 立即下单
2021-10-13 16:46:30,762 - mylog - INFO - 提交订单
2021-10-13 16:47:17,734 - mylog - INFO - 抢购脚本开始运行...
2021-10-13 16:47:17,735 - mylog - INFO - 读取配置文件成功，抢购信息： [页面url] https://www.vmall.com/product/10086300679105.html ; [颜色] 亮黑色 ; [版本] 4G全网通 8GB+128GB ; [套餐] 官方标配 
2021-10-13 16:47:19,537 - mylog - INFO - 访问主页面 vmall.com
2021-10-13 16:47:19,538 - mylog - INFO - 开始登录
2021-10-13 16:47:24,284 - mylog - INFO - 进入产品页面: https://www.vmall.com/product/10086300679105.html
2021-10-13 16:47:26,113 - mylog - INFO - 选择产品颜色: 亮黑色
2021-10-13 16:47:26,534 - mylog - INFO - 选择版本: 4G全网通 8GB+128GB
2021-10-13 16:47:26,912 - mylog - INFO - 选择套餐： 官方标配
2021-10-13 16:47:27,301 - mylog - INFO - 立即下单
2021-10-13 16:47:27,593 - mylog - INFO - 提交订单
2021-10-13 16:47:34,850 - mylog - INFO - 抢购脚本开始运行...
2021-10-13 16:47:34,850 - mylog - INFO - 读取配置文件成功，抢购信息： [页面url] https://www.vmall.com/product/10086300679105.html ; [颜色] 亮黑色 ; [版本] 4G全网通 8GB+128GB ; [套餐] 官方标配 
2021-10-13 16:47:36,728 - mylog - INFO - 访问主页面 vmall.com
2021-10-13 16:47:36,729 - mylog - INFO - 开始登录
2021-10-13 16:47:40,406 - mylog - INFO - 进入产品页面: https://www.vmall.com/product/10086300679105.html
2021-10-13 16:47:41,985 - mylog - INFO - 选择产品颜色: 亮黑色
2021-10-13 16:47:42,416 - mylog - INFO - 选择版本: 4G全网通 8GB+128GB
2021-10-13 16:47:42,807 - mylog - INFO - 选择套餐： 官方标配
2021-10-13 16:47:43,212 - mylog - INFO - 立即下单
2021-10-13 16:47:43,508 - mylog - INFO - 提交订单
2021-10-13 16:48:04,601 - mylog - INFO - 抢购脚本开始运行...
2021-10-13 16:48:04,601 - mylog - INFO - 读取配置文件成功，抢购信息： [页面url] https://www.vmall.com/product/10086300679105.html ; [颜色] 亮黑色 ; [版本] 4G全网通 8GB+128GB ; [套餐] 官方标配 
2021-10-13 16:48:06,419 - mylog - INFO - 访问主页面 vmall.com
2021-10-13 16:48:06,419 - mylog - INFO - 开始登录
2021-10-13 16:48:13,311 - mylog - INFO - 进入产品页面: https://www.vmall.com/product/10086300679105.html
2021-10-13 16:48:14,481 - mylog - INFO - 选择产品颜色: 亮黑色
2021-10-13 16:48:14,888 - mylog - INFO - 选择版本: 4G全网通 8GB+128GB
2021-10-13 16:48:15,266 - mylog - INFO - 选择套餐： 官方标配
2021-10-13 16:48:15,656 - mylog - INFO - 立即下单
2021-10-13 16:48:15,954 - mylog - INFO - 提交订单
2021-10-13 16:49:27,453 - mylog - INFO - 抢购脚本开始运行...
2021-10-13 16:49:27,454 - mylog - INFO - 读取配置文件成功，抢购信息： [页面url] https://www.vmall.com/product/10086300679105.html ; [颜色] 亮黑色 ; [版本] 4G全网通 8GB+128GB ; [套餐] 官方标配 
2021-10-13 16:49:29,163 - mylog - INFO - 访问主页面 vmall.com
2021-10-13 16:49:29,163 - mylog - INFO - 开始登录
2021-10-13 16:49:35,844 - mylog - INFO - 进入产品页面: https://www.vmall.com/product/10086300679105.html
2021-10-13 16:49:37,318 - mylog - INFO - 选择产品颜色: 亮黑色
2021-10-13 16:49:37,731 - mylog - INFO - 选择版本: 4G全网通 8GB+128GB
2021-10-13 16:49:38,117 - mylog - INFO - 选择套餐： 官方标配
2021-10-13 16:49:38,514 - mylog - INFO - 立即下单
2021-10-13 16:49:38,809 - mylog - INFO - 提交订单
2021-10-13 16:50:55,701 - mylog - INFO - 抢购脚本开始运行...
2021-10-13 16:50:55,702 - mylog - INFO - 读取配置文件成功，抢购信息： [页面url] https://www.vmall.com/product/10086300679105.html ; [颜色] 亮黑色 ; [版本] 4G全网通 8GB+128GB ; [套餐] 官方标配 
2021-10-13 16:50:57,486 - mylog - INFO - 访问主页面 vmall.com
2021-10-13 16:50:57,486 - mylog - INFO - 开始登录
2021-10-13 16:51:03,991 - mylog - INFO - 进入产品页面: https://www.vmall.com/product/10086300679105.html
2021-10-13 16:51:06,113 - mylog - INFO - 选择产品颜色: 亮黑色
2021-10-13 16:51:06,516 - mylog - INFO - 选择版本: 4G全网通 8GB+128GB
2021-10-13 16:51:06,875 - mylog - INFO - 选择套餐： 官方标配
2021-10-13 16:51:07,277 - mylog - INFO - 立即下单
2021-10-13 16:51:07,569 - mylog - INFO - 提交订单
2021-10-13 16:51:24,748 - mylog - INFO - 抢购脚本开始运行...
2021-10-13 16:51:25,724 - mylog - INFO - 读取配置文件成功，抢购信息： [页面url] https://www.vmall.com/product/10086300679105.html ; [颜色] 亮黑色 ; [版本] 4G全网通 8GB+128GB ; [套餐] 官方标配 
2021-10-13 16:51:27,431 - mylog - INFO - 访问主页面 vmall.com
2021-10-13 16:51:27,432 - mylog - INFO - 开始登录
2021-10-13 16:52:14,904 - mylog - INFO - 抢购脚本开始运行...
2021-10-13 16:52:14,905 - mylog - INFO - 读取配置文件成功，抢购信息： [页面url] https://www.vmall.com/product/10086300679105.html ; [颜色] 亮黑色 ; [版本] 4G全网通 8GB+128GB ; [套餐] 官方标配 
2021-10-13 16:52:16,763 - mylog - INFO - 访问主页面 vmall.com
2021-10-13 16:52:16,763 - mylog - INFO - 开始登录
2021-10-13 16:52:40,344 - mylog - INFO - 进入产品页面: https://www.vmall.com/product/10086300679105.html
2021-10-13 16:52:42,259 - mylog - INFO - 选择产品颜色: 亮黑色
2021-10-13 16:52:42,676 - mylog - INFO - 选择版本: 4G全网通 8GB+128GB
2021-10-13 16:52:43,053 - mylog - INFO - 选择套餐： 官方标配
2021-10-13 17:09:04,408 - mylog - INFO - 抢购脚本开始运行...
2021-10-13 17:09:06,398 - mylog - INFO - 读取配置文件成功，抢购信息： [页面url] https://www.vmall.com/product/10086300679105.html ; [颜色] 亮黑色 ; [版本] 4G全网通 8GB+128GB ; [套餐] 官方标配 
2021-10-13 17:09:08,120 - mylog - INFO - 访问主页面 vmall.com
2021-10-13 17:09:08,120 - mylog - INFO - 开始登录
2021-10-13 17:11:12,286 - mylog - INFO - 进入产品页面: https://www.vmall.com/product/10086300679105.html
2021-10-13 17:11:16,363 - mylog - INFO - 选择产品颜色: 亮黑色
2021-10-13 17:11:17,716 - mylog - INFO - 选择版本: 4G全网通 8GB+128GB
2021-10-13 17:11:19,790 - mylog - INFO - 选择套餐： 官方标配
2021-10-13 17:11:27,427 - mylog - INFO - 立即下单
2021-10-13 17:11:30,478 - mylog - INFO - 提交订单
2021-10-13 17:12:38,460 - mylog - INFO - 抢购脚本开始运行...
2021-10-13 17:12:38,460 - mylog - INFO - 读取配置文件成功，抢购信息： [页面url] https://www.vmall.com/product/10086300679105.html ; [颜色] 亮黑色 ; [版本] 4G全网通 8GB+128GB ; [套餐] 官方标配 
2021-10-13 17:12:40,256 - mylog - INFO - 访问主页面 vmall.com
2021-10-13 17:12:40,256 - mylog - INFO - 开始登录
2021-10-13 17:13:11,843 - mylog - INFO - 进入产品页面: https://www.vmall.com/product/10086300679105.html
2021-10-13 17:13:13,945 - mylog - INFO - 选择产品颜色: 亮黑色
2021-10-13 17:13:14,360 - mylog - INFO - 选择版本: 4G全网通 8GB+128GB
2021-10-13 17:13:14,766 - mylog - INFO - 选择套餐： 官方标配
2021-10-13 17:13:15,177 - mylog - INFO - 立即下单
2021-10-13 17:13:15,577 - mylog - INFO - 提交订单
2021-10-13 17:13:17,149 - mylog - INFO - 抢购成功，请尽快付款
2021-10-13 17:24:06,377 - mylog - INFO - 抢购脚本开始运行...
2021-10-13 17:24:06,380 - mylog - INFO - 读取配置文件成功，抢购信息： [页面url] https://www.vmall.com/product/10086300679105.html ; [颜色] 亮黑色 ; [版本] 4G全网通 8GB+128GB ; [套餐] 官方标配 
2021-10-13 17:25:37,391 - mylog - INFO - 抢购脚本开始运行...
2021-10-13 17:25:37,392 - mylog - INFO - 读取配置文件成功，抢购信息： [页面url] https://www.vmall.com/product/10086300679105.html ; [颜色] 亮黑色 ; [版本] 4G全网通 8GB+128GB ; [套餐] 官方标配 
2021-10-13 17:25:39,805 - mylog - INFO - 访问主页面 vmall.com
2021-10-13 17:25:39,805 - mylog - INFO - 开始登录
